<?xml version="1.0" encoding="UTF-8"?>
<testsuite xmlns:xsi="http://www.w3.org/2001/XMLSchema-instance" xsi:noNamespaceSchemaLocation="https://maven.apache.org/surefire/maven-surefire-plugin/xsd/surefire-test-report-3.0.xsd" version="3.0" name="br.com.datastream.kafka.connect.smt.RemoveBackslashTest" time="0.066" tests="3" errors="0" skipped="0" failures="0">
  <properties>
[...]
</properties>
  <testcase name="schemalessRemoveBackslash" classname="br.com.datastream.kafka.connect.smt.RemoveBackslashTest" time="0.005"/>
  <testcase name="topLevelStructRequired" classname="br.com.datastream.kafka.connect.smt.RemoveBackslashTest" time="0.003"/>
  <testcase name="removeBackslashFromSchema" classname="br.com.datastream.kafka.connect.smt.RemoveBackslashTest" time="0.002"/>
</testsuite>